
> checkion@0.1.0 dev
> next dev --webpack --port 3333

▲ Next.js 16.1.6 (webpack)
- Local:         http://localhost:3333
- Network:       http://192.168.50.211:3333
- Experiments (use with caution):
  · optimizePackageImports

✓ Starting...
✓ Ready in 1494ms
 GET /developers 200 in 2.0s (compile: 1819ms, render: 182ms)
 GET /results/12b877e4-cf3e-471a-8775-ef07667d3b36 200 in 2.2s (compile: 2.2s, render: 42ms)
 GET /api/scan/12b877e4-cf3e-471a-8775-ef07667d3b36 404 in 768ms (compile: 759ms, render: 10ms)
 GET /api/scan/12b877e4-cf3e-471a-8775-ef07667d3b36 404 in 337ms (compile: 320ms, render: 17ms)
⨯ ./components/ScanIssueItem.tsx
Error:   x Unexpected token. Did you mean `{'}'}` or `&rbrace;`?
     ,-[/Users/christoph.bordeck/Desktop/ANTIGRAVITY/CHECKION/components/ScanIssueItem.tsx:206:1]
 203 |                 </Box>
 204 |             </MsqdxAccordionItem>
 205 |             );
 206 | }, (prevProps, nextProps) => {
     : ^
 207 |     // Custom comparison to ensure strict equality where it matters
 208 |     return (
 209 |             prevProps.isHighlighted === nextProps.isHighlighted &&
     `----
  x Unexpected token. Did you mean `{'>'}` or `&gt;`?
     ,-[/Users/christoph.bordeck/Desktop/ANTIGRAVITY/CHECKION/components/ScanIssueItem.tsx:206:1]
 203 |                 </Box>
 204 |             </MsqdxAccordionItem>
 205 |             );
 206 | }, (prevProps, nextProps) => {
     :                            ^
 207 |     // Custom comparison to ensure strict equality where it matters
 208 |     return (
 209 |             prevProps.isHighlighted === nextProps.isHighlighted &&
     `----
  x Expected '</', got 'return'
     ,-[/Users/christoph.bordeck/Desktop/ANTIGRAVITY/CHECKION/components/ScanIssueItem.tsx:208:1]
 205 |             );
 206 | }, (prevProps, nextProps) => {
 207 |     // Custom comparison to ensure strict equality where it matters
 208 |     return (
     :     ^^^^^^
 209 |             prevProps.isHighlighted === nextProps.isHighlighted &&
 210 |             prevProps.issue === nextProps.issue && // Issue object reference should be stable from server/props?
 211 |             prevProps.onHover === nextProps.onHover && // Should be stable callback
     `----

Caused by:
    Syntax Error

Import trace for requested module:
./components/ScanIssueItem.tsx
./components/ScanIssueList.tsx
./app/results/[id]/page.tsx
